<?xml version="1.0" encoding="UTF-8"?>
<testsuite xmlns:xsi="http://www.w3.org/2001/XMLSchema-instance" xsi:noNamespaceSchemaLocation="https://maven.apache.org/surefire/maven-surefire-plugin/xsd/surefire-test-report.xsd" name="com.wd.schedule.ScheduleWarApplicationTests" time="5.345" tests="1" errors="0" skipped="0" failures="0">
  <properties>
    <property name="sun.desktop" value="windows"/>
    <property name="awt.toolkit" value="sun.awt.windows.WToolkit"/>
    <property name="file.encoding.pkg" value="sun.io"/>
    <property name="java.specification.version" value="1.8"/>
    <property name="sun.cpu.isalist" value="amd64"/>
    <property name="sun.jnu.encoding" value="GBK"/>
    <property name="java.class.path" value="D:\IdeaWorkSpace\schedule-pro-jar\target\test-classes;D:\IdeaWorkSpace\schedule-pro-jar\target\classes;C:\DevelopSoftware\repository\org\springframework\boot\spring-boot-starter-web\2.1.6.RELEASE\spring-boot-starter-web-2.1.6.RELEASE.jar;C:\DevelopSoftware\repository\org\springframework\boot\spring-boot-starter\2.1.6.RELEASE\spring-boot-starter-2.1.6.RELEASE.jar;C:\DevelopSoftware\repository\org\springframework\boot\spring-boot\2.1.6.RELEASE\spring-boot-2.1.6.RELEASE.jar;C:\DevelopSoftware\repository\org\springframework\boot\spring-boot-autoconfigure\2.1.6.RELEASE\spring-boot-autoconfigure-2.1.6.RELEASE.jar;C:\DevelopSoftware\repository\org\springframework\boot\spring-boot-starter-logging\2.1.6.RELEASE\spring-boot-starter-logging-2.1.6.RELEASE.jar;C:\DevelopSoftware\repository\ch\qos\logback\logback-classic\1.2.3\logback-classic-1.2.3.jar;C:\DevelopSoftware\repository\ch\qos\logback\logback-core\1.2.3\logback-core-1.2.3.jar;C:\DevelopSoftware\repository\org\apache\logging\log4j\log4j-to-slf4j\2.11.2\log4j-to-slf4j-2.11.2.jar;C:\DevelopSoftware\repository\org\apache\logging\log4j\log4j-api\2.11.2\log4j-api-2.11.2.jar;C:\DevelopSoftware\repository\org\slf4j\jul-to-slf4j\1.7.26\jul-to-slf4j-1.7.26.jar;C:\DevelopSoftware\repository\javax\annotation\javax.annotation-api\1.3.2\javax.annotation-api-1.3.2.jar;C:\DevelopSoftware\repository\org\yaml\snakeyaml\1.23\snakeyaml-1.23.jar;C:\DevelopSoftware\repository\org\springframework\boot\spring-boot-starter-json\2.1.6.RELEASE\spring-boot-starter-json-2.1.6.RELEASE.jar;C:\DevelopSoftware\repository\com\fasterxml\jackson\core\jackson-databind\2.9.9\jackson-databind-2.9.9.jar;C:\DevelopSoftware\repository\com\fasterxml\jackson\core\jackson-annotations\2.9.0\jackson-annotations-2.9.0.jar;C:\DevelopSoftware\repository\com\fasterxml\jackson\core\jackson-core\2.9.9\jackson-core-2.9.9.jar;C:\DevelopSoftware\repository\com\fasterxml\jackson\datatype\jackson-datatype-jdk8\2.9.9\jackson-datatype-jdk8-2.9.9.jar;C:\DevelopSoftware\repository\com\fasterxml\jackson\datatype\jackson-datatype-jsr310\2.9.9\jackson-datatype-jsr310-2.9.9.jar;C:\DevelopSoftware\repository\com\fasterxml\jackson\module\jackson-module-parameter-names\2.9.9\jackson-module-parameter-names-2.9.9.jar;C:\DevelopSoftware\repository\org\springframework\boot\spring-boot-starter-tomcat\2.1.6.RELEASE\spring-boot-starter-tomcat-2.1.6.RELEASE.jar;C:\DevelopSoftware\repository\org\apache\tomcat\embed\tomcat-embed-core\9.0.21\tomcat-embed-core-9.0.21.jar;C:\DevelopSoftware\repository\org\apache\tomcat\embed\tomcat-embed-el\9.0.21\tomcat-embed-el-9.0.21.jar;C:\DevelopSoftware\repository\org\apache\tomcat\embed\tomcat-embed-websocket\9.0.21\tomcat-embed-websocket-9.0.21.jar;C:\DevelopSoftware\repository\org\hibernate\validator\hibernate-validator\6.0.17.Final\hibernate-validator-6.0.17.Final.jar;C:\DevelopSoftware\repository\javax\validation\validation-api\2.0.1.Final\validation-api-2.0.1.Final.jar;C:\DevelopSoftware\repository\org\jboss\logging\jboss-logging\3.3.2.Final\jboss-logging-3.3.2.Final.jar;C:\DevelopSoftware\repository\com\fasterxml\classmate\1.4.0\classmate-1.4.0.jar;C:\DevelopSoftware\repository\org\springframework\spring-web\5.1.8.RELEASE\spring-web-5.1.8.RELEASE.jar;C:\DevelopSoftware\repository\org\springframework\spring-beans\5.1.8.RELEASE\spring-beans-5.1.8.RELEASE.jar;C:\DevelopSoftware\repository\org\springframework\spring-webmvc\5.1.8.RELEASE\spring-webmvc-5.1.8.RELEASE.jar;C:\DevelopSoftware\repository\org\springframework\spring-aop\5.1.8.RELEASE\spring-aop-5.1.8.RELEASE.jar;C:\DevelopSoftware\repository\org\springframework\spring-context\5.1.8.RELEASE\spring-context-5.1.8.RELEASE.jar;C:\DevelopSoftware\repository\org\springframework\spring-expression\5.1.8.RELEASE\spring-expression-5.1.8.RELEASE.jar;C:\DevelopSoftware\repository\org\springframework\boot\spring-boot-starter-freemarker\2.1.6.RELEASE\spring-boot-starter-freemarker-2.1.6.RELEASE.jar;C:\DevelopSoftware\repository\org\freemarker\freemarker\2.3.28\freemarker-2.3.28.jar;C:\DevelopSoftware\repository\org\springframework\spring-context-support\5.1.8.RELEASE\spring-context-support-5.1.8.RELEASE.jar;C:\DevelopSoftware\repository\org\springframework\boot\spring-boot-starter-test\2.1.6.RELEASE\spring-boot-starter-test-2.1.6.RELEASE.jar;C:\DevelopSoftware\repository\org\springframework\boot\spring-boot-test\2.1.6.RELEASE\spring-boot-test-2.1.6.RELEASE.jar;C:\DevelopSoftware\repository\org\springframework\boot\spring-boot-test-autoconfigure\2.1.6.RELEASE\spring-boot-test-autoconfigure-2.1.6.RELEASE.jar;C:\DevelopSoftware\repository\com\jayway\jsonpath\json-path\2.4.0\json-path-2.4.0.jar;C:\DevelopSoftware\repository\net\minidev\json-smart\2.3\json-smart-2.3.jar;C:\DevelopSoftware\repository\net\minidev\accessors-smart\1.2\accessors-smart-1.2.jar;C:\DevelopSoftware\repository\org\ow2\asm\asm\5.0.4\asm-5.0.4.jar;C:\DevelopSoftware\repository\org\slf4j\slf4j-api\1.7.26\slf4j-api-1.7.26.jar;C:\DevelopSoftware\repository\junit\junit\4.12\junit-4.12.jar;C:\DevelopSoftware\repository\org\assertj\assertj-core\3.11.1\assertj-core-3.11.1.jar;C:\DevelopSoftware\repository\org\mockito\mockito-core\2.23.4\mockito-core-2.23.4.jar;C:\DevelopSoftware\repository\net\bytebuddy\byte-buddy\1.9.13\byte-buddy-1.9.13.jar;C:\DevelopSoftware\repository\net\bytebuddy\byte-buddy-agent\1.9.13\byte-buddy-agent-1.9.13.jar;C:\DevelopSoftware\repository\org\objenesis\objenesis\2.6\objenesis-2.6.jar;C:\DevelopSoftware\repository\org\hamcrest\hamcrest-core\1.3\hamcrest-core-1.3.jar;C:\DevelopSoftware\repository\org\hamcrest\hamcrest-library\1.3\hamcrest-library-1.3.jar;C:\DevelopSoftware\repository\org\skyscreamer\jsonassert\1.5.0\jsonassert-1.5.0.jar;C:\DevelopSoftware\repository\com\vaadin\external\google\android-json\0.0.20131108.vaadin1\android-json-0.0.20131108.vaadin1.jar;C:\DevelopSoftware\repository\org\springframework\spring-core\5.1.8.RELEASE\spring-core-5.1.8.RELEASE.jar;C:\DevelopSoftware\repository\org\springframework\spring-jcl\5.1.8.RELEASE\spring-jcl-5.1.8.RELEASE.jar;C:\DevelopSoftware\repository\org\springframework\spring-test\5.1.8.RELEASE\spring-test-5.1.8.RELEASE.jar;C:\DevelopSoftware\repository\org\xmlunit\xmlunit-core\2.6.2\xmlunit-core-2.6.2.jar;"/>
    <property name="java.vm.vendor" value="Oracle Corporation"/>
    <property name="sun.arch.data.model" value="64"/>
    <property name="user.variant" value=""/>
    <property name="java.vendor.url" value="http://java.oracle.com/"/>
    <property name="user.timezone" value="Asia/Shanghai"/>
    <property name="java.vm.specification.version" value="1.8"/>
    <property name="os.name" value="Windows 7"/>
    <property name="user.country" value="CN"/>
    <property name="sun.java.launcher" value="SUN_STANDARD"/>
    <property name="sun.boot.library.path" value="C:\DevelopSoftware\JDK\jdk1.8\jdk\jre\bin"/>
    <property name="sun.java.command" value="C:\Users\Administrator\AppData\Local\Temp\surefire6793676085644031487\surefirebooter2021151675852442302.jar C:\Users\Administrator\AppData\Local\Temp\surefire6793676085644031487 2019-07-17T22-09-21_171-jvmRun1 surefire5170636019423913574tmp surefire_07343575940063309385tmp"/>
    <property name="surefire.test.class.path" value="D:\IdeaWorkSpace\schedule-pro-jar\target\test-classes;D:\IdeaWorkSpace\schedule-pro-jar\target\classes;C:\DevelopSoftware\repository\org\springframework\boot\spring-boot-starter-web\2.1.6.RELEASE\spring-boot-starter-web-2.1.6.RELEASE.jar;C:\DevelopSoftware\repository\org\springframework\boot\spring-boot-starter\2.1.6.RELEASE\spring-boot-starter-2.1.6.RELEASE.jar;C:\DevelopSoftware\repository\org\springframework\boot\spring-boot\2.1.6.RELEASE\spring-boot-2.1.6.RELEASE.jar;C:\DevelopSoftware\repository\org\springframework\boot\spring-boot-autoconfigure\2.1.6.RELEASE\spring-boot-autoconfigure-2.1.6.RELEASE.jar;C:\DevelopSoftware\repository\org\springframework\boot\spring-boot-starter-logging\2.1.6.RELEASE\spring-boot-starter-logging-2.1.6.RELEASE.jar;C:\DevelopSoftware\repository\ch\qos\logback\logback-classic\1.2.3\logback-classic-1.2.3.jar;C:\DevelopSoftware\repository\ch\qos\logback\logback-core\1.2.3\logback-core-1.2.3.jar;C:\DevelopSoftware\repository\org\apache\logging\log4j\log4j-to-slf4j\2.11.2\log4j-to-slf4j-2.11.2.jar;C:\DevelopSoftware\repository\org\apache\logging\log4j\log4j-api\2.11.2\log4j-api-2.11.2.jar;C:\DevelopSoftware\repository\org\slf4j\jul-to-slf4j\1.7.26\jul-to-slf4j-1.7.26.jar;C:\DevelopSoftware\repository\javax\annotation\javax.annotation-api\1.3.2\javax.annotation-api-1.3.2.jar;C:\DevelopSoftware\repository\org\yaml\snakeyaml\1.23\snakeyaml-1.23.jar;C:\DevelopSoftware\repository\org\springframework\boot\spring-boot-starter-json\2.1.6.RELEASE\spring-boot-starter-json-2.1.6.RELEASE.jar;C:\DevelopSoftware\repository\com\fasterxml\jackson\core\jackson-databind\2.9.9\jackson-databind-2.9.9.jar;C:\DevelopSoftware\repository\com\fasterxml\jackson\core\jackson-annotations\2.9.0\jackson-annotations-2.9.0.jar;C:\DevelopSoftware\repository\com\fasterxml\jackson\core\jackson-core\2.9.9\jackson-core-2.9.9.jar;C:\DevelopSoftware\repository\com\fasterxml\jackson\datatype\jackson-datatype-jdk8\2.9.9\jackson-datatype-jdk8-2.9.9.jar;C:\DevelopSoftware\repository\com\fasterxml\jackson\datatype\jackson-datatype-jsr310\2.9.9\jackson-datatype-jsr310-2.9.9.jar;C:\DevelopSoftware\repository\com\fasterxml\jackson\module\jackson-module-parameter-names\2.9.9\jackson-module-parameter-names-2.9.9.jar;C:\DevelopSoftware\repository\org\springframework\boot\spring-boot-starter-tomcat\2.1.6.RELEASE\spring-boot-starter-tomcat-2.1.6.RELEASE.jar;C:\DevelopSoftware\repository\org\apache\tomcat\embed\tomcat-embed-core\9.0.21\tomcat-embed-core-9.0.21.jar;C:\DevelopSoftware\repository\org\apache\tomcat\embed\tomcat-embed-el\9.0.21\tomcat-embed-el-9.0.21.jar;C:\DevelopSoftware\repository\org\apache\tomcat\embed\tomcat-embed-websocket\9.0.21\tomcat-embed-websocket-9.0.21.jar;C:\DevelopSoftware\repository\org\hibernate\validator\hibernate-validator\6.0.17.Final\hibernate-validator-6.0.17.Final.jar;C:\DevelopSoftware\repository\javax\validation\validation-api\2.0.1.Final\validation-api-2.0.1.Final.jar;C:\DevelopSoftware\repository\org\jboss\logging\jboss-logging\3.3.2.Final\jboss-logging-3.3.2.Final.jar;C:\DevelopSoftware\repository\com\fasterxml\classmate\1.4.0\classmate-1.4.0.jar;C:\DevelopSoftware\repository\org\springframework\spring-web\5.1.8.RELEASE\spring-web-5.1.8.RELEASE.jar;C:\DevelopSoftware\repository\org\springframework\spring-beans\5.1.8.RELEASE\spring-beans-5.1.8.RELEASE.jar;C:\DevelopSoftware\repository\org\springframework\spring-webmvc\5.1.8.RELEASE\spring-webmvc-5.1.8.RELEASE.jar;C:\DevelopSoftware\repository\org\springframework\spring-aop\5.1.8.RELEASE\spring-aop-5.1.8.RELEASE.jar;C:\DevelopSoftware\repository\org\springframework\spring-context\5.1.8.RELEASE\spring-context-5.1.8.RELEASE.jar;C:\DevelopSoftware\repository\org\springframework\spring-expression\5.1.8.RELEASE\spring-expression-5.1.8.RELEASE.jar;C:\DevelopSoftware\repository\org\springframework\boot\spring-boot-starter-freemarker\2.1.6.RELEASE\spring-boot-starter-freemarker-2.1.6.RELEASE.jar;C:\DevelopSoftware\repository\org\freemarker\freemarker\2.3.28\freemarker-2.3.28.jar;C:\DevelopSoftware\repository\org\springframework\spring-context-support\5.1.8.RELEASE\spring-context-support-5.1.8.RELEASE.jar;C:\DevelopSoftware\repository\org\springframework\boot\spring-boot-starter-test\2.1.6.RELEASE\spring-boot-starter-test-2.1.6.RELEASE.jar;C:\DevelopSoftware\repository\org\springframework\boot\spring-boot-test\2.1.6.RELEASE\spring-boot-test-2.1.6.RELEASE.jar;C:\DevelopSoftware\repository\org\springframework\boot\spring-boot-test-autoconfigure\2.1.6.RELEASE\spring-boot-test-autoconfigure-2.1.6.RELEASE.jar;C:\DevelopSoftware\repository\com\jayway\jsonpath\json-path\2.4.0\json-path-2.4.0.jar;C:\DevelopSoftware\repository\net\minidev\json-smart\2.3\json-smart-2.3.jar;C:\DevelopSoftware\repository\net\minidev\accessors-smart\1.2\accessors-smart-1.2.jar;C:\DevelopSoftware\repository\org\ow2\asm\asm\5.0.4\asm-5.0.4.jar;C:\DevelopSoftware\repository\org\slf4j\slf4j-api\1.7.26\slf4j-api-1.7.26.jar;C:\DevelopSoftware\repository\junit\junit\4.12\junit-4.12.jar;C:\DevelopSoftware\repository\org\assertj\assertj-core\3.11.1\assertj-core-3.11.1.jar;C:\DevelopSoftware\repository\org\mockito\mockito-core\2.23.4\mockito-core-2.23.4.jar;C:\DevelopSoftware\repository\net\bytebuddy\byte-buddy\1.9.13\byte-buddy-1.9.13.jar;C:\DevelopSoftware\repository\net\bytebuddy\byte-buddy-agent\1.9.13\byte-buddy-agent-1.9.13.jar;C:\DevelopSoftware\repository\org\objenesis\objenesis\2.6\objenesis-2.6.jar;C:\DevelopSoftware\repository\org\hamcrest\hamcrest-core\1.3\hamcrest-core-1.3.jar;C:\DevelopSoftware\repository\org\hamcrest\hamcrest-library\1.3\hamcrest-library-1.3.jar;C:\DevelopSoftware\repository\org\skyscreamer\jsonassert\1.5.0\jsonassert-1.5.0.jar;C:\DevelopSoftware\repository\com\vaadin\external\google\android-json\0.0.20131108.vaadin1\android-json-0.0.20131108.vaadin1.jar;C:\DevelopSoftware\repository\org\springframework\spring-core\5.1.8.RELEASE\spring-core-5.1.8.RELEASE.jar;C:\DevelopSoftware\repository\org\springframework\spring-jcl\5.1.8.RELEASE\spring-jcl-5.1.8.RELEASE.jar;C:\DevelopSoftware\repository\org\springframework\spring-test\5.1.8.RELEASE\spring-test-5.1.8.RELEASE.jar;C:\DevelopSoftware\repository\org\xmlunit\xmlunit-core\2.6.2\xmlunit-core-2.6.2.jar;"/>
    <property name="sun.cpu.endian" value="little"/>
    <property name="user.home" value="C:\Users\Administrator"/>
    <property name="user.language" value="zh"/>
    <property name="java.specification.vendor" value="Oracle Corporation"/>
    <property name="java.home" value="C:\DevelopSoftware\JDK\jdk1.8\jdk\jre"/>
    <property name="basedir" value="D:\IdeaWorkSpace\schedule-pro-jar"/>
    <property name="file.separator" value="\"/>
    <property name="line.separator" value="&#10;"/>
    <property name="java.vm.specification.vendor" value="Oracle Corporation"/>
    <property name="java.specification.name" value="Java Platform API Specification"/>
    <property name="java.awt.graphicsenv" value="sun.awt.Win32GraphicsEnvironment"/>
    <property name="surefire.real.class.path" value="C:\Users\Administrator\AppData\Local\Temp\surefire6793676085644031487\surefirebooter2021151675852442302.jar"/>
    <property name="sun.boot.class.path" value="C:\DevelopSoftware\JDK\jdk1.8\jdk\jre\lib\resources.jar;C:\DevelopSoftware\JDK\jdk1.8\jdk\jre\lib\rt.jar;C:\DevelopSoftware\JDK\jdk1.8\jdk\jre\lib\sunrsasign.jar;C:\DevelopSoftware\JDK\jdk1.8\jdk\jre\lib\jsse.jar;C:\DevelopSoftware\JDK\jdk1.8\jdk\jre\lib\jce.jar;C:\DevelopSoftware\JDK\jdk1.8\jdk\jre\lib\charsets.jar;C:\DevelopSoftware\JDK\jdk1.8\jdk\jre\lib\jfr.jar;C:\DevelopSoftware\JDK\jdk1.8\jdk\jre\classes"/>
    <property name="user.script" value=""/>
    <property name="sun.management.compiler" value="HotSpot 64-Bit Tiered Compilers"/>
    <property name="java.runtime.version" value="1.8.0_211-b12"/>
    <property name="user.name" value="Administrator"/>
    <property name="path.separator" value=";"/>
    <property name="os.version" value="6.1"/>
    <property name="java.endorsed.dirs" value="C:\DevelopSoftware\JDK\jdk1.8\jdk\jre\lib\endorsed"/>
    <property name="java.runtime.name" value="Java(TM) SE Runtime Environment"/>
    <property name="file.encoding" value="GBK"/>
    <property name="java.vm.name" value="Java HotSpot(TM) 64-Bit Server VM"/>
    <property name="localRepository" value="C:\DevelopSoftware\repository"/>
    <property name="java.vendor.url.bug" value="http://bugreport.sun.com/bugreport/"/>
    <property name="java.io.tmpdir" value="C:\Users\Administrator\AppData\Local\Temp\"/>
    <property name="idea.version" value="2018.2.2"/>
    <property name="java.version" value="1.8.0_211"/>
    <property name="user.dir" value="D:\IdeaWorkSpace\schedule-pro-jar"/>
    <property name="os.arch" value="amd64"/>
    <property name="java.vm.specification.name" value="Java Virtual Machine Specification"/>
    <property name="java.awt.printerjob" value="sun.awt.windows.WPrinterJob"/>
    <property name="sun.os.patch.level" value="Service Pack 1"/>
    <property name="java.library.path" value="C:\DevelopSoftware\JDK\jdk1.8\jdk\jre\bin;C:\Windows\Sun\Java\bin;C:\Windows\system32;C:\Windows;C:\Program Files (x86)\Common Files\Oracle\Java\javapath;C:\Windows\system32;C:\Windows;C:\Windows\System32\Wbem;C:\Windows\System32\WindowsPowerShell\v1.0\;C:\DevelopSoftware\Maven\apache-maven-3.3.9\bin;C:\DevelopSoftware\JDK\jdk1.8\jdk\bin;C:\DevelopSoftware\JDK\jdk1.8\jdk\bin\jre;C:\DevelopSoftware\Mysql5.5.28\bin;."/>
    <property name="java.vm.info" value="mixed mode"/>
    <property name="java.vendor" value="Oracle Corporation"/>
    <property name="java.vm.version" value="25.211-b12"/>
    <property name="java.ext.dirs" value="C:\DevelopSoftware\JDK\jdk1.8\jdk\jre\lib\ext;C:\Windows\Sun\Java\lib\ext"/>
    <property name="sun.io.unicode.encoding" value="UnicodeLittle"/>
    <property name="maven.repo.local" value="C:\DevelopSoftware\repository"/>
    <property name="java.class.version" value="52.0"/>
  </properties>
  <testcase name="contextLoads" classname="com.wd.schedule.ScheduleWarApplicationTests" time="0.376"/>
</testsuite>